<?xml version="1.0" encoding="UTF-8"?>
<testsuite xmlns:xsi="http://www.w3.org/2001/XMLSchema-instance" xsi:noNamespaceSchemaLocation="https://maven.apache.org/surefire/maven-surefire-plugin/xsd/surefire-test-report.xsd" name="quentin.m.AppTest" time="149.919" tests="2" errors="0" skipped="0" failures="0">
  <properties>
    <property name="java.specification.version" value="22"/>
    <property name="sun.cpu.isalist" value="amd64"/>
    <property name="sun.jnu.encoding" value="Cp1252"/>
    <property name="java.class.path" value="E:\Quentin\prog\AFPA\demo-jline\target\test-classes;E:\Quentin\prog\AFPA\demo-jline\target\classes;C:\Users\Quentin\.m2\repository\junit\junit\4.11\junit-4.11.jar;C:\Users\Quentin\.m2\repository\org\hamcrest\hamcrest-core\1.3\hamcrest-core-1.3.jar;C:\Users\Quentin\.m2\repository\org\jline\jline-terminal-jni\3.26.1\jline-terminal-jni-3.26.1.jar;C:\Users\Quentin\.m2\repository\org\jline\jline-native\3.26.1\jline-native-3.26.1.jar;C:\Users\Quentin\.m2\repository\org\jline\jline-terminal\3.26.1\jline-terminal-3.26.1.jar;"/>
    <property name="java.vm.vendor" value="Oracle Corporation"/>
    <property name="sun.arch.data.model" value="64"/>
    <property name="user.variant" value=""/>
    <property name="java.vendor.url" value="https://java.oracle.com/"/>
    <property name="user.timezone" value="Europe/Paris"/>
    <property name="os.name" value="Windows 10"/>
    <property name="java.vm.specification.version" value="22"/>
    <property name="sun.java.launcher" value="SUN_STANDARD"/>
    <property name="user.country" value="FR"/>
    <property name="sun.boot.library.path" value="C:\Program Files\Java\jdk-22\bin"/>
    <property name="sun.java.command" value="C:\Users\Quentin\AppData\Local\Temp\surefire6580994833896731518\surefirebooter6301422788658316926.jar C:\Users\Quentin\AppData\Local\Temp\surefire6580994833896731518 2024-06-06T10-30-32_944-jvmRun1 surefire3030871165704708845tmp surefire_015859278576447912936tmp"/>
    <property name="jdk.debug" value="release"/>
    <property name="surefire.test.class.path" value="E:\Quentin\prog\AFPA\demo-jline\target\test-classes;E:\Quentin\prog\AFPA\demo-jline\target\classes;C:\Users\Quentin\.m2\repository\junit\junit\4.11\junit-4.11.jar;C:\Users\Quentin\.m2\repository\org\hamcrest\hamcrest-core\1.3\hamcrest-core-1.3.jar;C:\Users\Quentin\.m2\repository\org\jline\jline-terminal-jni\3.26.1\jline-terminal-jni-3.26.1.jar;C:\Users\Quentin\.m2\repository\org\jline\jline-native\3.26.1\jline-native-3.26.1.jar;C:\Users\Quentin\.m2\repository\org\jline\jline-terminal\3.26.1\jline-terminal-3.26.1.jar;"/>
    <property name="sun.cpu.endian" value="little"/>
    <property name="user.home" value="C:\Users\Quentin"/>
    <property name="user.language" value="fr"/>
    <property name="java.specification.vendor" value="Oracle Corporation"/>
    <property name="java.version.date" value="2024-04-16"/>
    <property name="java.home" value="C:\Program Files\Java\jdk-22"/>
    <property name="file.separator" value="\"/>
    <property name="basedir" value="E:\Quentin\prog\AFPA\demo-jline"/>
    <property name="java.vm.compressedOopsMode" value="Zero based"/>
    <property name="line.separator" value="&#10;"/>
    <property name="java.vm.specification.vendor" value="Oracle Corporation"/>
    <property name="java.specification.name" value="Java Platform API Specification"/>
    <property name="surefire.real.class.path" value="C:\Users\Quentin\AppData\Local\Temp\surefire6580994833896731518\surefirebooter6301422788658316926.jar"/>
    <property name="user.script" value=""/>
    <property name="sun.management.compiler" value="HotSpot 64-Bit Tiered Compilers"/>
    <property name="java.runtime.version" value="22.0.1+8-16"/>
    <property name="user.name" value="Quentin"/>
    <property name="stdout.encoding" value="Cp1252"/>
    <property name="path.separator" value=";"/>
    <property name="os.version" value="10.0"/>
    <property name="java.runtime.name" value="Java(TM) SE Runtime Environment"/>
    <property name="file.encoding" value="UTF-8"/>
    <property name="java.vm.name" value="Java HotSpot(TM) 64-Bit Server VM"/>
    <property name="localRepository" value="C:\Users\Quentin\.m2\repository"/>
    <property name="java.vendor.url.bug" value="https://bugreport.java.com/bugreport/"/>
    <property name="java.io.tmpdir" value="C:\Users\Quentin\AppData\Local\Temp\"/>
    <property name="java.version" value="22.0.1"/>
    <property name="user.dir" value="E:\Quentin\prog\AFPA\demo-jline"/>
    <property name="os.arch" value="amd64"/>
    <property name="java.vm.specification.name" value="Java Virtual Machine Specification"/>
    <property name="sun.os.patch.level" value=""/>
    <property name="native.encoding" value="Cp1252"/>
    <property name="java.library.path" value="C:\Program Files\Java\jdk-22\bin;C:\Windows\Sun\Java\bin;C:\Windows\system32;C:\Windows;C:\Users\Quentin\bin;E:\Program Files\Git\mingw64\bin;E:\Program Files\Git\usr\local\bin;E:\Program Files\Git\usr\bin;E:\Program Files\Git\usr\bin;E:\Program Files\Git\mingw64\bin;E:\Program Files\Git\usr\bin;C:\Users\Quentin\bin;C:\Program Files\Common Files\Oracle\Java\javapath;C:\ProgramData\scoop\shims;C:\program files (x86)\common files\intel\shared libraries\redist\intel64_win\compiler;C:\program files (x86)\common files\intel\shared libraries\redist\intel64\compiler;C:\windows\system32;C:\windows;C:\windows\system32\wbem;C:\windows\system32\windowspowershell\v1.0;C:\windows\system32\openssh;C:\program files\process lasso;C:\Program Files (x86)\NVIDIA Corporation\PhysX\Common;E:\Program Files\Git\cmd;C:\Program Files\Docker\Docker\resources\bin;D:\laragon\bin\php\php-8.3.7-nts-Win32-vs16-x64;C:\ProgramData\ComposerSetup\bin;C:\Users\Quentin\scoop\shims;E:\Users\Quentin\AppData\Local\Programs\Python\Python311\Scripts;E:\Users\Quentin\AppData\Local\Programs\Python\Python311;C:\Users\Quentin\AppData\Local\Microsoft\WindowsApps;E:\Users\Quentin\AppData\Local\Programs\Microsoft VS Code\bin;C:\Users\Quentin\AppData\Roaming\Composer\vendor\bin;E:\Program Files\apache-maven-3.9.7\bin;E:\Program Files\Git\usr\bin\vendor_perl;E:\Program Files\Git\usr\bin\core_perl;."/>
    <property name="java.vm.info" value="mixed mode, sharing"/>
    <property name="stderr.encoding" value="Cp1252"/>
    <property name="java.vendor" value="Oracle Corporation"/>
    <property name="java.vm.version" value="22.0.1+8-16"/>
    <property name="sun.io.unicode.encoding" value="UnicodeLittle"/>
    <property name="java.class.version" value="66.0"/>
  </properties>
  <testcase name="shouldAnswerWithTrue" classname="quentin.m.AppTest" time="0.002"/>
  <testcase name="testApp" classname="quentin.m.AppTest" time="149.899"/>
</testsuite>